{"uuid":"707407a3-2e84-41d7-b300-773b4626e475","historyId":"45d1c5008d41a4751657cc14a14a490f","fullName":"test_scripts.ExpenseExportEmailTest.verifyExportWasSuccess","labels":[{"name":"package","value":"test_scripts.ExpenseExportEmailTest"},{"name":"testClass","value":"test_scripts.ExpenseExportEmailTest"},{"name":"testMethod","value":"verifyExportWasSuccess"},{"name":"parentSuite","value":"Default Suite"},{"name":"suite","value":"TestNGTest-cb7e3e27-118c-455c-805c-e1f9f2dba2d8"},{"name":"subSuite","value":"test_scripts.ExpenseExportEmailTest"},{"name":"host","value":"HAPPAY1201"},{"name":"thread","value":"91850@HAPPAY1201.main(1)"},{"name":"framework","value":"testng"},{"name":"language","value":"java"}],"links":[],"name":"verifyExportWasSuccess","status":"broken","statusDetails":{"known":false,"muted":false,"flaky":false,"message":"Expected condition failed: waiting for presence of element located by: By.xpath: //body/div[@id='hw-portal-expense-dialogBox']/div[contains(@class,'hw-dialog-container')]/div[@id='expense-dialogBox']/div[contains(@class,'hw-dialogBox')]/div[contains(@class,'hw-dialog-children-scroll margin-b-80')]/div[contains(@class,'exportHistoryTable')]/div[contains(@class,'pos-relative')]/div[contains(@class,'ct-parent-container')]/div[@id='']/div[@id='']/div[contains(@class,'ct-table-body')]/div[contains(@class,'hw-infinite-table-scroll')]/div[@id='ct-row-ETLEXPORTPmLBcAwAYhkHzWKCEFUB']/div[1] (tried for 20 second(s) with 500 milliseconds interval)","trace":"org.openqa.selenium.TimeoutException: Expected condition failed: waiting for presence of element located by: By.xpath: //body/div[@id='hw-portal-expense-dialogBox']/div[contains(@class,'hw-dialog-container')]/div[@id='expense-dialogBox']/div[contains(@class,'hw-dialogBox')]/div[contains(@class,'hw-dialog-children-scroll margin-b-80')]/div[contains(@class,'exportHistoryTable')]/div[contains(@class,'pos-relative')]/div[contains(@class,'ct-parent-container')]/div[@id='']/div[@id='']/div[contains(@class,'ct-table-body')]/div[contains(@class,'hw-infinite-table-scroll')]/div[@id='ct-row-ETLEXPORTPmLBcAwAYhkHzWKCEFUB']/div[1] (tried for 20 second(s) with 500 milliseconds interval)\n\tat org.openqa.selenium.support.ui.WebDriverWait.timeoutException(WebDriverWait.java:84)\n\tat org.openqa.selenium.support.ui.FluentWait.until(FluentWait.java:228)\n\tat test_scripts.ExpenseExportEmailTest.verifyExportWasSuccess(ExpenseExportEmailTest.java:132)\n\tat java.base/jdk.internal.reflect.NativeMethodAccessorImpl.invoke0(Native Method)\n\tat java.base/jdk.internal.reflect.NativeMethodAccessorImpl.invoke(NativeMethodAccessorImpl.java:77)\n\tat java.base/jdk.internal.reflect.DelegatingMethodAccessorImpl.invoke(DelegatingMethodAccessorImpl.java:43)\n\tat java.base/java.lang.reflect.Method.invoke(Method.java:568)\n\tat org.testng.internal.invokers.MethodInvocationHelper.invokeMethod(MethodInvocationHelper.java:141)\n\tat org.testng.internal.invokers.TestInvoker.invokeMethod(TestInvoker.java:686)\n\tat org.testng.internal.invokers.TestInvoker.invokeTestMethod(TestInvoker.java:230)\n\tat org.testng.internal.invokers.MethodRunner.runInSequence(MethodRunner.java:63)\n\tat org.testng.internal.invokers.TestInvoker$MethodInvocationAgent.invoke(TestInvoker.java:992)\n\tat org.testng.internal.invokers.TestInvoker.invokeTestMethods(TestInvoker.java:203)\n\tat org.testng.internal.invokers.TestMethodWorker.invokeTestMethods(TestMethodWorker.java:154)\n\tat org.testng.internal.invokers.TestMethodWorker.run(TestMethodWorker.java:134)\n\tat java.base/java.util.ArrayList.forEach(ArrayList.java:1511)\n\tat org.testng.TestRunner.privateRun(TestRunner.java:739)\n\tat org.testng.TestRunner.run(TestRunner.java:614)\n\tat org.testng.SuiteRunner.runTest(SuiteRunner.java:421)\n\tat org.testng.SuiteRunner.runSequentially(SuiteRunner.java:413)\n\tat org.testng.SuiteRunner.privateRun(SuiteRunner.java:373)\n\tat org.testng.SuiteRunner.run(SuiteRunner.java:312)\n\tat org.testng.SuiteRunnerWorker.runSuite(SuiteRunnerWorker.java:52)\n\tat org.testng.SuiteRunnerWorker.run(SuiteRunnerWorker.java:95)\n\tat org.testng.TestNG.runSuitesSequentially(TestNG.java:1274)\n\tat org.testng.TestNG.runSuitesLocally(TestNG.java:1208)\n\tat org.testng.TestNG.runSuites(TestNG.java:1112)\n\tat org.testng.TestNG.run(TestNG.java:1079)\n\tat com.microsoft.java.test.runner.testng.TestNGRunner.run(TestNGRunner.java:45)\n\tat com.microsoft.java.test.runner.testng.TestNGLauncher.execute(TestNGLauncher.java:32)\n\tat com.microsoft.java.test.runner.Launcher.main(Launcher.java:57)\nCaused by: org.openqa.selenium.NoSuchElementException: no such element: Unable to locate element: {\"method\":\"xpath\",\"selector\":\"//body/div[@id='hw-portal-expense-dialogBox']/div[contains(@class,'hw-dialog-container')]/div[@id='expense-dialogBox']/div[contains(@class,'hw-dialogBox')]/div[contains(@class,'hw-dialog-children-scroll margin-b-80')]/div[contains(@class,'exportHistoryTable')]/div[contains(@class,'pos-relative')]/div[contains(@class,'ct-parent-container')]/div[@id='']/div[@id='']/div[contains(@class,'ct-table-body')]/div[contains(@class,'hw-infinite-table-scroll')]/div[@id='ct-row-ETLEXPORTPmLBcAwAYhkHzWKCEFUB']/div[1]\"}\n  (Session info: chrome=136.0.7103.114)\nFor documentation on this error, please visit: https://www.selenium.dev/documentation/webdriver/troubleshooting/errors#no-such-element-exception\nBuild info: version: '4.22.0', revision: 'c5f3146703*'\nSystem info: os.name: 'Mac OS X', os.arch: 'aarch64', os.version: '15.3.1', java.version: '17.0.13'\nDriver info: org.openqa.selenium.chrome.ChromeDriver\nCommand: [5d71feb69fbb921d09ae7000c38e9403, findElement {using=xpath, value=//body/div[@id='hw-portal-expense-dialogBox']/div[contains(@class,'hw-dialog-container')]/div[@id='expense-dialogBox']/div[contains(@class,'hw-dialogBox')]/div[contains(@class,'hw-dialog-children-scroll margin-b-80')]/div[contains(@class,'exportHistoryTable')]/div[contains(@class,'pos-relative')]/div[contains(@class,'ct-parent-container')]/div[@id='']/div[@id='']/div[contains(@class,'ct-table-body')]/div[contains(@class,'hw-infinite-table-scroll')]/div[@id='ct-row-ETLEXPORTPmLBcAwAYhkHzWKCEFUB']/div[1]}]\nCapabilities {acceptInsecureCerts: false, browserName: chrome, browserVersion: 136.0.7103.114, chrome: {chromedriverVersion: 136.0.7103.113 (76fa3c17824..., userDataDir: /var/folders/qj/5p482bjx6yn...}, fedcm:accounts: true, goog:chromeOptions: {debuggerAddress: localhost:54895}, networkConnectionEnabled: false, pageLoadStrategy: normal, platformName: mac, proxy: Proxy(), se:cdp: ws://localhost:54895/devtoo..., se:cdpVersion: 136.0.7103.114, setWindowRect: true, strictFileInteractability: false, timeouts: {implicit: 0, pageLoad: 300000, script: 30000}, unhandledPromptBehavior: dismiss and notify, webauthn:extension:credBlob: true, webauthn:extension:largeBlob: true, webauthn:extension:minPinLength: true, webauthn:extension:prf: true, webauthn:virtualAuthenticators: true}\nSession ID: 5d71feb69fbb921d09ae7000c38e9403\n\tat java.base/jdk.internal.reflect.NativeConstructorAccessorImpl.newInstance0(Native Method)\n\tat java.base/jdk.internal.reflect.NativeConstructorAccessorImpl.newInstance(NativeConstructorAccessorImpl.java:77)\n\tat java.base/jdk.internal.reflect.DelegatingConstructorAccessorImpl.newInstance(DelegatingConstructorAccessorImpl.java:45)\n\tat java.base/java.lang.reflect.Constructor.newInstanceWithCaller(Constructor.java:499)\n\tat java.base/java.lang.reflect.Constructor.newInstance(Constructor.java:480)\n\tat org.openqa.selenium.remote.ErrorCodec.decode(ErrorCodec.java:167)\n\tat org.openqa.selenium.remote.codec.w3c.W3CHttpResponseCodec.decode(W3CHttpResponseCodec.java:138)\n\tat org.openqa.selenium.remote.codec.w3c.W3CHttpResponseCodec.decode(W3CHttpResponseCodec.java:50)\n\tat org.openqa.selenium.remote.HttpCommandExecutor.execute(HttpCommandExecutor.java:190)\n\tat org.openqa.selenium.remote.service.DriverCommandExecutor.invokeExecute(DriverCommandExecutor.java:216)\n\tat org.openqa.selenium.remote.service.DriverCommandExecutor.execute(DriverCommandExecutor.java:174)\n\tat org.openqa.selenium.remote.RemoteWebDriver.execute(RemoteWebDriver.java:518)\n\tat org.openqa.selenium.remote.ElementLocation$ElementFinder$2.findElement(ElementLocation.java:165)\n\tat org.openqa.selenium.remote.ElementLocation.findElement(ElementLocation.java:59)\n\tat org.openqa.selenium.remote.RemoteWebDriver.findElement(RemoteWebDriver.java:355)\n\tat org.openqa.selenium.remote.RemoteWebDriver.findElement(RemoteWebDriver.java:349)\n\tat org.openqa.selenium.support.ui.ExpectedConditions$6.apply(ExpectedConditions.java:171)\n\tat org.openqa.selenium.support.ui.ExpectedConditions$6.apply(ExpectedConditions.java:168)\n\tat org.openqa.selenium.support.ui.FluentWait.until(FluentWait.java:203)\n\t... 29 more\n"},"stage":"finished","description":"Test to verify export history and success message","steps":[],"attachments":[],"parameters":[],"start":1747932131093,"stop":1747932155956}